0 info it worked if it ends with ok
1 verbose cli [ 'node', '/usr/local/bin/npm', 'install' ]
2 info using npm@1.4.28
3 info using node@v0.10.35
4 warn package.json myhome@0.0.0 No description
5 warn package.json myhome@0.0.0 No repository field.
6 warn package.json myhome@0.0.0 No README data
7 verbose readDependencies using package.json deps
8 verbose install where, deps [ '/Users/fisu/Sites/myHome',
8 verbose install   [ 'del',
8 verbose install     'ecstatic',
8 verbose install     'gulp',
8 verbose install     'gulp-concat',
8 verbose install     'gulp-embedlr',
8 verbose install     'gulp-filter',
8 verbose install     'gulp-if',
8 verbose install     'gulp-imagemin',
8 verbose install     'gulp-insert',
8 verbose install     'gulp-livereload',
8 verbose install     'gulp-minify-css',
8 verbose install     'gulp-newer',
8 verbose install     'gulp-plumber',
8 verbose install     'gulp-ruby-sass',
8 verbose install     'gulp-sassdoc',
8 verbose install     'gulp-svg-sprites',
8 verbose install     'gulp-uglify',
8 verbose install     'gulp-util',
8 verbose install     'jasmine-core',
8 verbose install     'karma',
8 verbose install     'karma-chrome-launcher',
8 verbose install     'karma-jasmine',
8 verbose install     'karma-safari-launcher',
8 verbose install     'node-bourbon',
8 verbose install     'opn',
8 verbose install     'tiny-lr' ] ]
9 info preinstall myhome@0.0.0
10 warn package.json karma-chrome-launcher@0.1.7 No README data
11 verbose readDependencies using package.json deps
12 verbose already installed skipping gulp-if@^1.2.4 /Users/fisu/Sites/myHome
13 verbose already installed skipping gulp-imagemin@^0.6.1 /Users/fisu/Sites/myHome
14 verbose already installed skipping gulp-insert@^0.4.0 /Users/fisu/Sites/myHome
15 verbose already installed skipping gulp-livereload@^1.3.1 /Users/fisu/Sites/myHome
16 verbose already installed skipping gulp-minify-css@^0.3.2 /Users/fisu/Sites/myHome
17 verbose already installed skipping gulp-newer@^0.3.0 /Users/fisu/Sites/myHome
18 verbose already installed skipping gulp-plumber@^0.6.3 /Users/fisu/Sites/myHome
19 verbose already installed skipping gulp-ruby-sass@^0.7.1 /Users/fisu/Sites/myHome
20 verbose already installed skipping gulp-sassdoc@^1.0.1 /Users/fisu/Sites/myHome
21 verbose already installed skipping gulp-svg-sprites@^1.0.3 /Users/fisu/Sites/myHome
22 verbose already installed skipping gulp-uglify@^0.2.1 /Users/fisu/Sites/myHome
23 verbose already installed skipping gulp-util@^2.2.17 /Users/fisu/Sites/myHome
24 verbose already installed skipping jasmine-core@^2.1.3 /Users/fisu/Sites/myHome
25 verbose already installed skipping karma@^0.12.28 /Users/fisu/Sites/myHome
26 verbose already installed skipping karma-chrome-launcher@^0.1.7 /Users/fisu/Sites/myHome
27 verbose already installed skipping karma-jasmine@^0.3.2 /Users/fisu/Sites/myHome
28 verbose already installed skipping karma-safari-launcher@^0.1.1 /Users/fisu/Sites/myHome
29 verbose already installed skipping node-bourbon@^1.2.2 /Users/fisu/Sites/myHome
30 verbose already installed skipping opn@^0.1.1 /Users/fisu/Sites/myHome
31 verbose already installed skipping tiny-lr@^0.0.5 /Users/fisu/Sites/myHome
32 verbose already installed skipping del@^0.1.1 /Users/fisu/Sites/myHome
33 verbose already installed skipping ecstatic@^0.5.1 /Users/fisu/Sites/myHome
34 verbose cache add [ 'gulp@^3.8.11', null ]
35 verbose cache add name=undefined spec="gulp@^3.8.11" args=["gulp@^3.8.11",null]
36 verbose parsed url { protocol: null,
36 verbose parsed url   slashes: null,
36 verbose parsed url   auth: null,
36 verbose parsed url   host: null,
36 verbose parsed url   port: null,
36 verbose parsed url   hostname: null,
36 verbose parsed url   hash: null,
36 verbose parsed url   search: null,
36 verbose parsed url   query: null,
36 verbose parsed url   pathname: 'gulp@^3.8.11',
36 verbose parsed url   path: 'gulp@^3.8.11',
36 verbose parsed url   href: 'gulp@^3.8.11' }
37 verbose already installed skipping gulp-concat@^2.2.0 /Users/fisu/Sites/myHome
38 verbose already installed skipping gulp-embedlr@^0.5.2 /Users/fisu/Sites/myHome
39 verbose cache add name="gulp" spec="^3.8.11" args=["gulp","^3.8.11"]
40 verbose parsed url { protocol: null,
40 verbose parsed url   slashes: null,
40 verbose parsed url   auth: null,
40 verbose parsed url   host: null,
40 verbose parsed url   port: null,
40 verbose parsed url   hostname: null,
40 verbose parsed url   hash: null,
40 verbose parsed url   search: null,
40 verbose parsed url   query: null,
40 verbose parsed url   pathname: '^3.8.11',
40 verbose parsed url   path: '^3.8.11',
40 verbose parsed url   href: '^3.8.11' }
41 verbose addNamed [ 'gulp', '^3.8.11' ]
42 verbose addNamed [ null, '>=3.8.11-0 <4.0.0-0' ]
43 verbose already installed skipping gulp-filter@^1.0.1 /Users/fisu/Sites/myHome
44 silly lockFile 3156ea88-gulp-3-8-11 gulp@^3.8.11
45 verbose lock gulp@^3.8.11 /Users/fisu/.npm/3156ea88-gulp-3-8-11.lock
46 silly addNameRange { name: 'gulp', range: '>=3.8.11-0 <4.0.0-0', hasData: false }
47 verbose request where is /gulp
48 verbose request registry https://registry.npmjs.org/
49 verbose request id 0245db379ce698c2
50 verbose url raw /gulp
51 verbose url resolving [ 'https://registry.npmjs.org/', './gulp' ]
52 verbose url resolved https://registry.npmjs.org/gulp
53 verbose request where is https://registry.npmjs.org/gulp
54 info trying registry request attempt 1 at 09:39:37
55 verbose etag "1D1K60Z7B6TFOXZ6C3CXYUJC2"
56 http GET https://registry.npmjs.org/gulp
57 http 200 https://registry.npmjs.org/gulp
58 silly registry.get cb [ 200,
58 silly registry.get   { date: 'Wed, 11 Mar 2015 07:39:39 GMT',
58 silly registry.get     server: 'CouchDB/1.5.0 (Erlang OTP/R16B03)',
58 silly registry.get     etag: '"3KU8L97MB7N0DUOF3OVHSWHE8"',
58 silly registry.get     'content-type': 'application/json',
58 silly registry.get     'cache-control': 'max-age=60',
58 silly registry.get     'content-length': '100457',
58 silly registry.get     'accept-ranges': 'bytes',
58 silly registry.get     via: '1.1 varnish',
58 silly registry.get     age: '46',
58 silly registry.get     'x-served-by': 'cache-fra1225-FRA',
58 silly registry.get     'x-cache': 'HIT',
58 silly registry.get     'x-cache-hits': '1',
58 silly registry.get     'x-timer': 'S1426059579.070651,VS0,VE0',
58 silly registry.get     vary: 'Accept',
58 silly registry.get     'keep-alive': 'timeout=10, max=50',
58 silly registry.get     connection: 'Keep-Alive' } ]
59 silly addNameRange number 2 { name: 'gulp', range: '>=3.8.11-0 <4.0.0-0', hasData: true }
60 silly addNameRange versions [ 'gulp',
60 silly addNameRange   [ '0.0.1',
60 silly addNameRange     '0.0.2',
60 silly addNameRange     '0.0.3',
60 silly addNameRange     '0.0.4',
60 silly addNameRange     '0.0.5',
60 silly addNameRange     '0.0.7',
60 silly addNameRange     '0.0.8',
60 silly addNameRange     '0.0.9',
60 silly addNameRange     '0.1.0',
60 silly addNameRange     '0.2.0',
60 silly addNameRange     '1.0.0',
60 silly addNameRange     '1.1.0',
60 silly addNameRange     '1.2.0',
60 silly addNameRange     '1.2.1',
60 silly addNameRange     '2.0.0',
60 silly addNameRange     '2.0.1',
60 silly addNameRange     '2.1.0',
60 silly addNameRange     '2.2.0',
60 silly addNameRange     '2.3.0',
60 silly addNameRange     '2.4.0',
60 silly addNameRange     '2.4.1',
60 silly addNameRange     '2.6.0',
60 silly addNameRange     '2.6.1',
60 silly addNameRange     '2.7.0',
60 silly addNameRange     '3.0.0',
60 silly addNameRange     '3.1.1',
60 silly addNameRange     '3.1.2',
60 silly addNameRange     '3.1.3',
60 silly addNameRange     '3.1.4',
60 silly addNameRange     '3.2.0',
60 silly addNameRange     '3.2.1',
60 silly addNameRange     '3.2.2',
60 silly addNameRange     '3.2.3',
60 silly addNameRange     '3.2.4',
60 silly addNameRange     '3.2.5',
60 silly addNameRange     '3.3.0',
60 silly addNameRange     '3.3.1',
60 silly addNameRange     '3.3.2',
60 silly addNameRange     '3.3.4',
60 silly addNameRange     '3.4.0',
60 silly addNameRange     '3.5.0',
60 silly addNameRange     '3.5.1',
60 silly addNameRange     '3.5.2',
60 silly addNameRange     '3.5.5',
60 silly addNameRange     '3.5.6',
60 silly addNameRange     '3.6.0',
60 silly addNameRange     '3.6.1',
60 silly addNameRange     '3.6.2',
60 silly addNameRange     '3.7.0',
60 silly addNameRange     '3.8.0',
60 silly addNameRange     '3.8.1',
60 silly addNameRange     '3.8.2',
60 silly addNameRange     '3.8.3',
60 silly addNameRange     '3.8.4',
60 silly addNameRange     '3.8.5',
60 silly addNameRange     '3.8.6',
60 silly addNameRange     '3.8.7',
60 silly addNameRange     '3.8.8',
60 silly addNameRange     '3.8.9',
60 silly addNameRange     '3.8.10',
60 silly addNameRange     '3.8.11' ] ]
61 verbose addNamed [ 'gulp', '3.8.11' ]
62 verbose addNamed [ '3.8.11', '3.8.11' ]
63 silly lockFile 3d31ec08-gulp-3-8-11 gulp@3.8.11
64 verbose lock gulp@3.8.11 /Users/fisu/.npm/3d31ec08-gulp-3-8-11.lock
65 silly lockFile 3d31ec08-gulp-3-8-11 gulp@3.8.11
66 silly lockFile 3d31ec08-gulp-3-8-11 gulp@3.8.11
67 silly lockFile 3156ea88-gulp-3-8-11 gulp@^3.8.11
68 silly lockFile 3156ea88-gulp-3-8-11 gulp@^3.8.11
69 error Error: EACCES, open '/Users/fisu/.npm/gulp/3.8.11/package/package.json.24849'
69 error  { [Error: EACCES, open '/Users/fisu/.npm/gulp/3.8.11/package/package.json.24849']
69 error   errno: 3,
69 error   code: 'EACCES',
69 error   path: '/Users/fisu/.npm/gulp/3.8.11/package/package.json.24849',
69 error   parent: 'myhome' }
70 error Please try running this command again as root/Administrator.
71 error System Darwin 14.1.0
72 error command "node" "/usr/local/bin/npm" "install"
73 error cwd /Users/fisu/Sites/myHome
74 error node -v v0.10.35
75 error npm -v 1.4.28
76 error path /Users/fisu/.npm/gulp/3.8.11/package/package.json.24849
77 error code EACCES
78 error errno 3
79 error stack Error: EACCES, open '/Users/fisu/.npm/gulp/3.8.11/package/package.json.24849'
80 verbose exit [ 3, true ]
